Using pre-set license
Built from '2021.3/staging' branch; Version is '2021.3.13f1 (9e7d58001ecf) revision 10386776'; Using compiler version '192829333'; Build Type 'Release'
OS: 'Windows 10  (10.0.19044) 64bit Professional' Language: 'en' Physical Memory: 16351 MB
BatchMode: 1, IsHumanControllingUs: 0, StartBugReporterOnCrash: 0, Is64bit: 1, IsPro: 1

COMMAND LINE ARGUMENTS:
Q:\SSD Library\Programms\Unity\Unity HUB\2021.3.13f1\Editor\Unity.exe
-adb2
-batchMode
-noUpm
-name
AssetImportWorker2
-projectPath
Q:/SSD Library/Creative Studio/Programming/GameDev/labyrinth-and-minotaur/Labyrinth and Minotaur
-logFile
Logs/AssetImportWorker2.log
-srvPort
65345
Successfully changed project path to: Q:/SSD Library/Creative Studio/Programming/GameDev/labyrinth-and-minotaur/Labyrinth and Minotaur
Q:/SSD Library/Creative Studio/Programming/GameDev/labyrinth-and-minotaur/Labyrinth and Minotaur
[UnityMemory] Configuration Parameters - Can be set up in boot.config
    "memorysetup-bucket-allocator-granularity=16"
    "memorysetup-bucket-allocator-bucket-count=8"
    "memorysetup-bucket-allocator-block-size=33554432"
    "memorysetup-bucket-allocator-block-count=8"
    "memorysetup-main-allocator-block-size=16777216"
    "memorysetup-thread-allocator-block-size=16777216"
    "memorysetup-gfx-main-allocator-block-size=16777216"
    "memorysetup-gfx-thread-allocator-block-size=16777216"
    "memorysetup-cache-allocator-block-size=4194304"
    "memorysetup-typetree-allocator-block-size=2097152"
    "memorysetup-profiler-bucket-allocator-granularity=16"
    "memorysetup-profiler-bucket-allocator-bucket-count=8"
    "memorysetup-profiler-bucket-allocator-block-size=33554432"
    "memorysetup-profiler-bucket-allocator-block-count=8"
    "memorysetup-profiler-allocator-block-size=16777216"
    "memorysetup-profiler-editor-allocator-block-size=1048576"
    "memorysetup-temp-allocator-size-main=16777216"
    "memorysetup-job-temp-allocator-block-size=2097152"
    "memorysetup-job-temp-allocator-block-size-background=1048576"
    "memorysetup-job-temp-allocator-reduction-small-platforms=262144"
    "memorysetup-temp-allocator-size-background-worker=32768"
    "memorysetup-temp-allocator-size-job-worker=262144"
    "memorysetup-temp-allocator-size-preload-manager=33554432"
    "memorysetup-temp-allocator-size-nav-mesh-worker=65536"
    "memorysetup-temp-allocator-size-audio-worker=65536"
    "memorysetup-temp-allocator-size-cloud-worker=32768"
    "memorysetup-temp-allocator-size-gi-baking-worker=262144"
    "memorysetup-temp-allocator-size-gfx=262144"
Refreshing native plugins compatible for Editor in 33.12 ms, found 2 plugins.
Preloading 0 native plugins for Editor in 0.00 ms.
Initialize engine version: 2021.3.13f1 (9e7d58001ecf)
[Subsystems] Discovering subsystems at path Q:/SSD Library/Programms/Unity/Unity HUB/2021.3.13f1/Editor/Data/Resources/UnitySubsystems
[Subsystems] Discovering subsystems at path Q:/SSD Library/Creative Studio/Programming/GameDev/labyrinth-and-minotaur/Labyrinth and Minotaur/Assets
GfxDevice: creating device client; threaded=0; jobified=0
Direct3D:
    Version:  Direct3D 11.0 [level 11.1]
    Renderer: NVIDIA GeForce GTX 1060 6GB (ID=0x1c03)
    Vendor:   NVIDIA
    VRAM:     6043 MB
    Driver:   31.0.15.2698
Initialize mono
Mono path[0] = 'Q:/SSD Library/Programms/Unity/Unity HUB/2021.3.13f1/Editor/Data/Managed'
Mono path[1] = 'Q:/SSD Library/Programms/Unity/Unity HUB/2021.3.13f1/Editor/Data/MonoBleedingEdge/lib/mono/unityjit-win32'
Mono config path = 'Q:/SSD Library/Programms/Unity/Unity HUB/2021.3.13f1/Editor/Data/MonoBleedingEdge/etc'
Using monoOptions --debugger-agent=transport=dt_socket,embedding=1,server=y,suspend=n,address=127.0.0.1:56420
Begin MonoManager ReloadAssembly
Registering precompiled unity dll's ...
Register platform support module: Q:/SSD Library/Programms/Unity/Unity HUB/2021.3.13f1/Editor/Data/PlaybackEngines/WebGLSupport/UnityEditor.WebGL.Extensions.dll
Register platform support module: Q:/SSD Library/Programms/Unity/Unity HUB/2021.3.13f1/Editor/Data/PlaybackEngines/AndroidPlayer/UnityEditor.Android.Extensions.dll
Register platform support module: Q:/SSD Library/Programms/Unity/Unity HUB/2021.3.13f1/Editor/Data/PlaybackEngines/WindowsStandaloneSupport/UnityEditor.WindowsStandalone.Extensions.dll
Register platform support module: Q:/SSD Library/Programms/Unity/Unity HUB/2021.3.13f1/Editor/Data/PlaybackEngines/MetroSupport/UnityEditor.UWP.Extensions.dll
Registered in 0.005801 seconds.
Native extension for UWP target not found
Native extension for WindowsStandalone target not found
Native extension for Android target not found
Native extension for WebGL target not found
Refreshing native plugins compatible for Editor in 28.00 ms, found 2 plugins.
Preloading 0 native plugins for Editor in 0.00 ms.
Mono: successfully reloaded assembly
- Completed reload, in  0.619 seconds
Domain Reload Profiling:
	ReloadAssembly (620ms)
		BeginReloadAssembly (98ms)
			ExecutionOrderSort (0ms)
			DisableScriptedObjects (0ms)
			BackupInstance (0ms)
			ReleaseScriptingObjects (0ms)
			CreateAndSetChildDomain (1ms)
		EndReloadAssembly (417ms)
			LoadAssemblies (100ms)
			RebuildTransferFunctionScriptingTraits (0ms)
			SetupTypeCache (115ms)
			ReleaseScriptCaches (0ms)
			RebuildScriptCaches (29ms)
			SetupLoadedEditorAssemblies (227ms)
				LogAssemblyErrors (0ms)
				InitializePlatformSupportModulesInManaged (56ms)
				SetLoadedEditorAssemblies (0ms)
				RefreshPlugins (28ms)
				BeforeProcessingInitializeOnLoad (1ms)
				ProcessInitializeOnLoadAttributes (97ms)
				ProcessInitializeOnLoadMethodAttributes (45ms)
				AfterProcessingInitializeOnLoad (0ms)
				EditorAssembliesLoaded (0ms)
			ExecutionOrderSort2 (0ms)
			AwakeInstancesAfterBackupRestoration (0ms)
Platform modules already initialized, skipping
Registering precompiled user dll's ...
Registered in 0.003802 seconds.
Begin MonoManager ReloadAssembly
Native extension for UWP target not found
Native extension for WindowsStandalone target not found
Native extension for Android target not found
Native extension for WebGL target not found
Refreshing native plugins compatible for Editor in 0.33 ms, found 2 plugins.
Preloading 0 native plugins for Editor in 0.00 ms.
Mono: successfully reloaded assembly
- Completed reload, in  0.973 seconds
Domain Reload Profiling:
	ReloadAssembly (974ms)
		BeginReloadAssembly (234ms)
			ExecutionOrderSort (0ms)
			DisableScriptedObjects (6ms)
			BackupInstance (0ms)
			ReleaseScriptingObjects (0ms)
			CreateAndSetChildDomain (119ms)
		EndReloadAssembly (632ms)
			LoadAssemblies (103ms)
			RebuildTransferFunctionScriptingTraits (0ms)
			SetupTypeCache (185ms)
			ReleaseScriptCaches (0ms)
			RebuildScriptCaches (42ms)
			SetupLoadedEditorAssemblies (298ms)
				LogAssemblyErrors (0ms)
				InitializePlatformSupportModulesInManaged (15ms)
				SetLoadedEditorAssemblies (0ms)
				RefreshPlugins (0ms)
				BeforeProcessingInitializeOnLoad (48ms)
				ProcessInitializeOnLoadAttributes (201ms)
				ProcessInitializeOnLoadMethodAttributes (30ms)
				AfterProcessingInitializeOnLoad (3ms)
				EditorAssembliesLoaded (0ms)
			ExecutionOrderSort2 (0ms)
			AwakeInstancesAfterBackupRestoration (7ms)
Platform modules already initialized, skipping
========================================================================
Worker process is ready to serve import requests
Launched and connected shader compiler UnityShaderCompiler.exe after 0.07 seconds
Refreshing native plugins compatible for Editor in 0.32 ms, found 2 plugins.
Preloading 0 native plugins for Editor in 0.00 ms.
Unloading 1682 Unused Serialized files (Serialized files now loaded: 0)
Unloading 19 unused Assets / (49.7 KB). Loaded Objects now: 2153.
Memory consumption went from 73.5 MB to 73.5 MB.
Total: 2.800400 ms (FindLiveObjects: 0.225200 ms CreateObjectMapping: 0.096900 ms MarkObjects: 2.379300 ms  DeleteObjects: 0.098100 ms)

AssetImportParameters requested are different than current active one (requested -> active):
  custom:video-decoder-ogg-theora: a1e56fd34408186e4bbccfd4996cb3dc -> 
  custom:container-muxer-webm: aa71ff27fc2769a1b78a27578f13a17b -> 
  custom:container-demuxer-webm: 4f35f7cbe854078d1ac9338744f61a02 -> 
  custom:video-encoder-webm-vp8: eb34c28f22e8b96e1ab97ce403110664 -> 
  custom:video-codec-MediaFoundation-h265: 746d11721c4dcdbdad8f713fa42b33f4 -> 
  custom:audio-encoder-webm-vorbis: bf7c407c2cedff20999df2af8eb42d56 -> 
  custom:framework-win-MediaFoundation: 216162199b28c13a410421893ffa2e32 -> 
  custom:container-demuxer-ogg: 62fdf1f143b41e24485cea50d1cbac27 -> 
  custom:video-decoder-webm-vp8: 9c59270c3fd7afecdb556c50c9e8de78 -> 
  custom:audio-decoder-ogg-vorbis: bf7c407c2cedff20999df2af8eb42d56 -> 
========================================================================
Received Import Request.
  Time since last request: 27529.483396 seconds.
  path: Assets/Textures/UI
  artifactKey: Guid(d8398872b59b765409f851ac88c906b7) Importer(815301076,1909f56bfc062723c751e8b465ee728b)
Start importing Assets/Textures/UI using Guid(d8398872b59b765409f851ac88c906b7) Importer(815301076,1909f56bfc062723c751e8b465ee728b)  -> (artifact id: '7f7c3a9fb776c021c0162013d8abd192') in 0.009280 seconds 
========================================================================
Received Import Request.
  Time since last request: 8.489192 seconds.
  path: Assets/Textures/UI/image 11 (1).png
  artifactKey: Guid(46caf79253e57d64195df677b6febf9d) Importer(815301076,1909f56bfc062723c751e8b465ee728b)
Start importing Assets/Textures/UI/image 11 (1).png using Guid(46caf79253e57d64195df677b6febf9d) Importer(815301076,1909f56bfc062723c751e8b465ee728b)  -> (artifact id: '610cef911306eb9c6309b602ffaa444a') in 0.123057 seconds 
========================================================================
Received Import Request.
  Time since last request: 14.028615 seconds.
  path: Assets/Textures/UI/image 11 (2).png
  artifactKey: Guid(2807c0ff55208bd428b9b3487831fe7e) Importer(815301076,1909f56bfc062723c751e8b465ee728b)
Start importing Assets/Textures/UI/image 11 (2).png using Guid(2807c0ff55208bd428b9b3487831fe7e) Importer(815301076,1909f56bfc062723c751e8b465ee728b)  -> (artifact id: '6169e70bace11ff9ca5ef2ea1791fee4') in 0.011506 seconds 
========================================================================
Received Import Request.
  Time since last request: 0.010155 seconds.
  path: Assets/Textures/UI/image 11 (1).png
  artifactKey: Guid(46caf79253e57d64195df677b6febf9d) Importer(815301076,1909f56bfc062723c751e8b465ee728b)
Start importing Assets/Textures/UI/image 11 (1).png using Guid(46caf79253e57d64195df677b6febf9d) Importer(815301076,1909f56bfc062723c751e8b465ee728b)  -> (artifact id: 'b081c6c337948f7d383c98adb8b22d35') in 0.017188 seconds 
========================================================================
Received Import Request.
  Time since last request: 5.317811 seconds.
  path: Assets/Textures/UI/image 11.png
  artifactKey: Guid(e868fd5abe456ad499d7af8979659f22) Importer(815301076,1909f56bfc062723c751e8b465ee728b)
Start importing Assets/Textures/UI/image 11.png using Guid(e868fd5abe456ad499d7af8979659f22) Importer(815301076,1909f56bfc062723c751e8b465ee728b)  -> (artifact id: '9eb19cf1e6957ae95db9e1bd02c15995') in 0.053359 seconds 
========================================================================
Received Import Request.
  Time since last request: 87.046649 seconds.
  path: Assets/Fonts/PROXIMANOVA-BLACK.TTF
  artifactKey: Guid(a619aaeaadb8a94449a8887c7081590b) Importer(815301076,1909f56bfc062723c751e8b465ee728b)
Start importing Assets/Fonts/PROXIMANOVA-BLACK.TTF using Guid(a619aaeaadb8a94449a8887c7081590b) Importer(815301076,1909f56bfc062723c751e8b465ee728b)  -> (artifact id: 'ae75ab21e0cae073e607ead9fc786149') in 0.051751 seconds 
========================================================================
Received Import Request.
  Time since last request: 0.715210 seconds.
  path: Assets/Fonts/PROXIMANOVA-LIGHT.TTF
  artifactKey: Guid(d979d448a6558414791d5786bc794dbe) Importer(815301076,1909f56bfc062723c751e8b465ee728b)
Start importing Assets/Fonts/PROXIMANOVA-LIGHT.TTF using Guid(d979d448a6558414791d5786bc794dbe) Importer(815301076,1909f56bfc062723c751e8b465ee728b)  -> (artifact id: 'a5269fcbea3a67b35a5378e44db268c0') in 0.035264 seconds 
========================================================================
Received Import Request.
  Time since last request: 0.000023 seconds.
  path: Assets/Fonts/PROXIMANOVA-SEMIBOLD.TTF
  artifactKey: Guid(094d8612d77077142b0debcca6b2f5c0) Importer(815301076,1909f56bfc062723c751e8b465ee728b)
Start importing Assets/Fonts/PROXIMANOVA-SEMIBOLD.TTF using Guid(094d8612d77077142b0debcca6b2f5c0) Importer(815301076,1909f56bfc062723c751e8b465ee728b)  -> (artifact id: 'f12d37fa3783ad1deec11a92a9c74849') in 0.027274 seconds 
========================================================================
Received Import Request.
  Time since last request: 0.000030 seconds.
  path: Assets/Fonts/PROXIMANOVAT-THIN.TTF
  artifactKey: Guid(8c366836b2c8f804dad10e168a8b085e) Importer(815301076,1909f56bfc062723c751e8b465ee728b)
Start importing Assets/Fonts/PROXIMANOVAT-THIN.TTF using Guid(8c366836b2c8f804dad10e168a8b085e) Importer(815301076,1909f56bfc062723c751e8b465ee728b)  -> (artifact id: '7eb90bea7afbfd589980c4feff08f222') in 0.029301 seconds 
========================================================================
Received Import Request.
  Time since last request: 9474.948329 seconds.
  path: Assets/Textures/UI/image 11 (2).png
  artifactKey: Guid(2807c0ff55208bd428b9b3487831fe7e) Importer(815301076,1909f56bfc062723c751e8b465ee728b)
Start importing Assets/Textures/UI/image 11 (2).png using Guid(2807c0ff55208bd428b9b3487831fe7e) Importer(815301076,1909f56bfc062723c751e8b465ee728b)  -> (artifact id: 'cb57ad4fc84168a1658f93a4ed19af25') in 0.071120 seconds 
========================================================================
Received Import Request.
  Time since last request: 2.894052 seconds.
  path: Assets/Textures/UI/image 11 (1).png
  artifactKey: Guid(46caf79253e57d64195df677b6febf9d) Importer(815301076,1909f56bfc062723c751e8b465ee728b)
Start importing Assets/Textures/UI/image 11 (1).png using Guid(46caf79253e57d64195df677b6febf9d) Importer(815301076,1909f56bfc062723c751e8b465ee728b)  -> (artifact id: '4229aac998b331e83053e0a830d2a656') in 0.015982 seconds 
========================================================================
Received Import Request.
  Time since last request: 186.930790 seconds.
  path: Assets/Textures/UI/image 8.png
  artifactKey: Guid(5c0fe5573e6f6ab4698aa5faf9e48e2a) Importer(815301076,1909f56bfc062723c751e8b465ee728b)
Start importing Assets/Textures/UI/image 8.png using Guid(5c0fe5573e6f6ab4698aa5faf9e48e2a) Importer(815301076,1909f56bfc062723c751e8b465ee728b)  -> (artifact id: 'daa49fc1d270ec19aacb1c4399d175a9') in 0.014434 seconds 
========================================================================
Received Import Request.
  Time since last request: 17.574231 seconds.
  path: Assets/Textures/UI/Buttons
  artifactKey: Guid(99d14a03a8852a04e8545003c265839b) Importer(815301076,1909f56bfc062723c751e8b465ee728b)
Start importing Assets/Textures/UI/Buttons using Guid(99d14a03a8852a04e8545003c265839b) Importer(815301076,1909f56bfc062723c751e8b465ee728b)  -> (artifact id: '4160e798d3c7907d2dc94817c6474be2') in 0.005486 seconds 
========================================================================
Received Import Request.
  Time since last request: 20.841145 seconds.
  path: Assets/Textures/UI/info-button.png
  artifactKey: Guid(337192d82ecf4a14f928d8b790eea192) Importer(815301076,1909f56bfc062723c751e8b465ee728b)
Start importing Assets/Textures/UI/info-button.png using Guid(337192d82ecf4a14f928d8b790eea192) Importer(815301076,1909f56bfc062723c751e8b465ee728b)  -> (artifact id: 'edb29aded44887ea3de5174b5d8ce96e') in 0.036079 seconds 
========================================================================
Received Prepare
Registering precompiled user dll's ...
Registered in 0.003684 seconds.
Begin MonoManager ReloadAssembly
Native extension for UWP target not found
Native extension for WindowsStandalone target not found
Native extension for Android target not found
Native extension for WebGL target not found
Refreshing native plugins compatible for Editor in 0.53 ms, found 2 plugins.
Preloading 0 native plugins for Editor in 0.00 ms.
Mono: successfully reloaded assembly
- Completed reload, in  1.754 seconds
Domain Reload Profiling:
	ReloadAssembly (1756ms)
		BeginReloadAssembly (314ms)
			ExecutionOrderSort (0ms)
			DisableScriptedObjects (10ms)
			BackupInstance (0ms)
			ReleaseScriptingObjects (0ms)
			CreateAndSetChildDomain (86ms)
		EndReloadAssembly (1234ms)
			LoadAssemblies (228ms)
			RebuildTransferFunctionScriptingTraits (0ms)
			SetupTypeCache (427ms)
			ReleaseScriptCaches (4ms)
			RebuildScriptCaches (82ms)
			SetupLoadedEditorAssemblies (508ms)
				LogAssemblyErrors (0ms)
				InitializePlatformSupportModulesInManaged (54ms)
				SetLoadedEditorAssemblies (2ms)
				RefreshPlugins (1ms)
				BeforeProcessingInitializeOnLoad (90ms)
				ProcessInitializeOnLoadAttributes (326ms)
				ProcessInitializeOnLoadMethodAttributes (31ms)
				AfterProcessingInitializeOnLoad (4ms)
				EditorAssembliesLoaded (0ms)
			ExecutionOrderSort2 (0ms)
			AwakeInstancesAfterBackupRestoration (14ms)
Platform modules already initialized, skipping
Refreshing native plugins compatible for Editor in 1.98 ms, found 2 plugins.
Preloading 0 native plugins for Editor in 0.00 ms.
Unloading 1676 Unused Serialized files (Serialized files now loaded: 0)
Unloading 12 unused Assets / (24.7 KB). Loaded Objects now: 2207.
Memory consumption went from 77.7 MB to 77.7 MB.
Total: 2.770500 ms (FindLiveObjects: 0.139400 ms CreateObjectMapping: 0.060700 ms MarkObjects: 2.548500 ms  DeleteObjects: 0.020900 ms)

AssetImportParameters requested are different than current active one (requested -> active):
  custom:video-decoder-ogg-theora: a1e56fd34408186e4bbccfd4996cb3dc -> 
  custom:container-muxer-webm: aa71ff27fc2769a1b78a27578f13a17b -> 
  custom:container-demuxer-webm: 4f35f7cbe854078d1ac9338744f61a02 -> 
  custom:video-encoder-webm-vp8: eb34c28f22e8b96e1ab97ce403110664 -> 
  custom:video-codec-MediaFoundation-h265: 746d11721c4dcdbdad8f713fa42b33f4 -> 
  custom:audio-encoder-webm-vorbis: bf7c407c2cedff20999df2af8eb42d56 -> 
  custom:framework-win-MediaFoundation: 216162199b28c13a410421893ffa2e32 -> 
  custom:container-demuxer-ogg: 62fdf1f143b41e24485cea50d1cbac27 -> 
  custom:video-decoder-webm-vp8: 9c59270c3fd7afecdb556c50c9e8de78 -> 
  custom:audio-decoder-ogg-vorbis: bf7c407c2cedff20999df2af8eb42d56 -> 
========================================================================
Received Import Request.
  Time since last request: 40.369870 seconds.
  path: Assets/Textures/UI/Player Stats Invenotyr
  artifactKey: Guid(66a63f5db3d256545a56f1caeaa2b2b6) Importer(815301076,1909f56bfc062723c751e8b465ee728b)
Start importing Assets/Textures/UI/Player Stats Invenotyr using Guid(66a63f5db3d256545a56f1caeaa2b2b6) Importer(815301076,1909f56bfc062723c751e8b465ee728b)  -> (artifact id: '33557ea94b85ad3d0145022c40b76374') in 0.013402 seconds 
========================================================================
Received Import Request.
  Time since last request: 6.690272 seconds.
  path: Assets/Textures/UI/Player Stats Inventory
  artifactKey: Guid(66a63f5db3d256545a56f1caeaa2b2b6) Importer(815301076,1909f56bfc062723c751e8b465ee728b)
Start importing Assets/Textures/UI/Player Stats Inventory using Guid(66a63f5db3d256545a56f1caeaa2b2b6) Importer(815301076,1909f56bfc062723c751e8b465ee728b)  -> (artifact id: '93f3b298dd9a68cc0f4b98f14da1a0be') in 0.011184 seconds 
========================================================================
Received Import Request.
  Time since last request: 25.869952 seconds.
  path: Assets/Textures/UI/Player Stats Main
  artifactKey: Guid(3d79abdfa90303547bf98a3026b92048) Importer(815301076,1909f56bfc062723c751e8b465ee728b)
Start importing Assets/Textures/UI/Player Stats Main using Guid(3d79abdfa90303547bf98a3026b92048) Importer(815301076,1909f56bfc062723c751e8b465ee728b)  -> (artifact id: '166a38dd7187b9d2e6bbd7ec8413eda9') in 0.012655 seconds 
========================================================================
Received Import Request.
  Time since last request: 4.593165 seconds.
  path: Assets/Textures/UI/healthBarFill.png
  artifactKey: Guid(b3c33fa3d832e1e41b4005ad85374c1d) Importer(815301076,1909f56bfc062723c751e8b465ee728b)
Start importing Assets/Textures/UI/healthBarFill.png using Guid(b3c33fa3d832e1e41b4005ad85374c1d) Importer(815301076,1909f56bfc062723c751e8b465ee728b)  -> (artifact id: 'f77ff7cfdf25f4acb5b9343b4bf5c794') in 0.072100 seconds 
========================================================================
Received Import Request.
  Time since last request: 4.825043 seconds.
  path: Assets/Textures/UI/HealthBarOutline.png
  artifactKey: Guid(53ff863e70dc3f84c966066851be90ec) Importer(815301076,1909f56bfc062723c751e8b465ee728b)
Start importing Assets/Textures/UI/HealthBarOutline.png using Guid(53ff863e70dc3f84c966066851be90ec) Importer(815301076,1909f56bfc062723c751e8b465ee728b)  -> (artifact id: 'a980c32b2b973bff0b5477f6b8c8dd40') in 0.022364 seconds 
========================================================================
Received Import Request.
  Time since last request: 1.531047 seconds.
  path: Assets/Textures/UI/ManaBarFill.png
  artifactKey: Guid(aedfc492b0a78b040ae0b648842e6f0a) Importer(815301076,1909f56bfc062723c751e8b465ee728b)
Start importing Assets/Textures/UI/ManaBarFill.png using Guid(aedfc492b0a78b040ae0b648842e6f0a) Importer(815301076,1909f56bfc062723c751e8b465ee728b)  -> (artifact id: 'a670d77a2bea589afcb0914dd5695e93') in 0.016183 seconds 
========================================================================
Received Import Request.
  Time since last request: 46.497663 seconds.
  path: Assets/Textures/UI/image 8.png
  artifactKey: Guid(5c0fe5573e6f6ab4698aa5faf9e48e2a) Importer(815301076,1909f56bfc062723c751e8b465ee728b)
Start importing Assets/Textures/UI/image 8.png using Guid(5c0fe5573e6f6ab4698aa5faf9e48e2a) Importer(815301076,1909f56bfc062723c751e8b465ee728b)  -> (artifact id: 'b9e7d6a9d630bf31e886b047b4f9bf7a') in 0.009284 seconds 
========================================================================
Received Import Request.
  Time since last request: 0.007299 seconds.
  path: Assets/Textures/UI/image 9.png
  artifactKey: Guid(50fce0bf921a27e46aec87b3e51ba236) Importer(815301076,1909f56bfc062723c751e8b465ee728b)
Start importing Assets/Textures/UI/image 9.png using Guid(50fce0bf921a27e46aec87b3e51ba236) Importer(815301076,1909f56bfc062723c751e8b465ee728b)  -> (artifact id: '4ed4a465fa8d5e73ca11cc2b58b6423c') in 0.017023 seconds 
========================================================================
Received Import Request.
  Time since last request: 12.983768 seconds.
  path: Assets/Textures/UI/Player Stats Main/image 8.png
  artifactKey: Guid(5c0fe5573e6f6ab4698aa5faf9e48e2a) Importer(815301076,1909f56bfc062723c751e8b465ee728b)
Start importing Assets/Textures/UI/Player Stats Main/image 8.png using Guid(5c0fe5573e6f6ab4698aa5faf9e48e2a) Importer(815301076,1909f56bfc062723c751e8b465ee728b)  -> (artifact id: '99c8b994830c345b318d3461c374a6f4') in 0.023918 seconds 
========================================================================
Received Import Request.
  Time since last request: 5.678524 seconds.
  path: Assets/Textures/UI/Player Stats Main/image 9.png
  artifactKey: Guid(50fce0bf921a27e46aec87b3e51ba236) Importer(815301076,1909f56bfc062723c751e8b465ee728b)
Start importing Assets/Textures/UI/Player Stats Main/image 9.png using Guid(50fce0bf921a27e46aec87b3e51ba236) Importer(815301076,1909f56bfc062723c751e8b465ee728b)  -> (artifact id: 'e7af8615a7bf21e6d8b4096235cadd76') in 0.013562 seconds 
========================================================================
Received Import Request.
  Time since last request: 49.093715 seconds.
  path: Assets/Prefabs/InventorySlot.prefab
  artifactKey: Guid(b393ff4404b8343428fcd5278069aec2) Importer(815301076,1909f56bfc062723c751e8b465ee728b)
Start importing Assets/Prefabs/InventorySlot.prefab using Guid(b393ff4404b8343428fcd5278069aec2) Importer(815301076,1909f56bfc062723c751e8b465ee728b)  -> (artifact id: 'a95d5de47c7e4914c767d726ef9238df') in 0.027161 seconds 
========================================================================
Received Prepare
Registering precompiled user dll's ...
Registered in 0.003729 seconds.
Begin MonoManager ReloadAssembly
Native extension for UWP target not found
Native extension for WindowsStandalone target not found
Native extension for Android target not found
Native extension for WebGL target not found
Refreshing native plugins compatible for Editor in 0.38 ms, found 2 plugins.
Preloading 0 native plugins for Editor in 0.00 ms.
Mono: successfully reloaded assembly
- Completed reload, in  1.589 seconds
Domain Reload Profiling:
	ReloadAssembly (1591ms)
		BeginReloadAssembly (161ms)
			ExecutionOrderSort (0ms)
			DisableScriptedObjects (5ms)
			BackupInstance (0ms)
			ReleaseScriptingObjects (0ms)
			CreateAndSetChildDomain (33ms)
		EndReloadAssembly (1323ms)
			LoadAssemblies (124ms)
			RebuildTransferFunctionScriptingTraits (0ms)
			SetupTypeCache (370ms)
			ReleaseScriptCaches (1ms)
			RebuildScriptCaches (73ms)
			SetupLoadedEditorAssemblies (675ms)
				LogAssemblyErrors (0ms)
				InitializePlatformSupportModulesInManaged (46ms)
				SetLoadedEditorAssemblies (2ms)
				RefreshPlugins (0ms)
				BeforeProcessingInitializeOnLoad (79ms)
				ProcessInitializeOnLoadAttributes (438ms)
				ProcessInitializeOnLoadMethodAttributes (98ms)
				AfterProcessingInitializeOnLoad (11ms)
				EditorAssembliesLoaded (1ms)
			ExecutionOrderSort2 (0ms)
			AwakeInstancesAfterBackupRestoration (15ms)
Platform modules already initialized, skipping
Refreshing native plugins compatible for Editor in 2.35 ms, found 2 plugins.
Preloading 0 native plugins for Editor in 0.00 ms.
Unloading 1676 Unused Serialized files (Serialized files now loaded: 0)
Unloading 12 unused Assets / (24.7 KB). Loaded Objects now: 2220.
Memory consumption went from 77.7 MB to 77.7 MB.
Total: 3.518000 ms (FindLiveObjects: 0.141500 ms CreateObjectMapping: 0.061000 ms MarkObjects: 3.274900 ms  DeleteObjects: 0.039600 ms)

AssetImportParameters requested are different than current active one (requested -> active):
  custom:video-decoder-ogg-theora: a1e56fd34408186e4bbccfd4996cb3dc -> 
  custom:container-muxer-webm: aa71ff27fc2769a1b78a27578f13a17b -> 
  custom:container-demuxer-webm: 4f35f7cbe854078d1ac9338744f61a02 -> 
  custom:video-encoder-webm-vp8: eb34c28f22e8b96e1ab97ce403110664 -> 
  custom:video-codec-MediaFoundation-h265: 746d11721c4dcdbdad8f713fa42b33f4 -> 
  custom:audio-encoder-webm-vorbis: bf7c407c2cedff20999df2af8eb42d56 -> 
  custom:framework-win-MediaFoundation: 216162199b28c13a410421893ffa2e32 -> 
  custom:container-demuxer-ogg: 62fdf1f143b41e24485cea50d1cbac27 -> 
  custom:video-decoder-webm-vp8: 9c59270c3fd7afecdb556c50c9e8de78 -> 
  custom:audio-decoder-ogg-vorbis: bf7c407c2cedff20999df2af8eb42d56 -> 
