Using pre-set license
Built from '2021.3/staging' branch; Version is '2021.3.13f1 (9e7d58001ecf) revision 10386776'; Using compiler version '192829333'; Build Type 'Release'
OS: 'Windows 10  (10.0.19044) 64bit Professional' Language: 'en' Physical Memory: 16351 MB
BatchMode: 1, IsHumanControllingUs: 0, StartBugReporterOnCrash: 0, Is64bit: 1, IsPro: 1

COMMAND LINE ARGUMENTS:
Q:\SSD Library\Programms\Unity\Unity HUB\2021.3.13f1\Editor\Unity.exe
-adb2
-batchMode
-noUpm
-name
AssetImportWorker0
-projectPath
Q:/SSD Library/Creative Studio/Programming/GameDev/labyrinth-and-minotaur/Labyrinth and Minotaur
-logFile
Logs/AssetImportWorker0.log
-srvPort
62885
Successfully changed project path to: Q:/SSD Library/Creative Studio/Programming/GameDev/labyrinth-and-minotaur/Labyrinth and Minotaur
Q:/SSD Library/Creative Studio/Programming/GameDev/labyrinth-and-minotaur/Labyrinth and Minotaur
[UnityMemory] Configuration Parameters - Can be set up in boot.config
    "memorysetup-bucket-allocator-granularity=16"
    "memorysetup-bucket-allocator-bucket-count=8"
    "memorysetup-bucket-allocator-block-size=33554432"
    "memorysetup-bucket-allocator-block-count=8"
    "memorysetup-main-allocator-block-size=16777216"
    "memorysetup-thread-allocator-block-size=16777216"
    "memorysetup-gfx-main-allocator-block-size=16777216"
    "memorysetup-gfx-thread-allocator-block-size=16777216"
    "memorysetup-cache-allocator-block-size=4194304"
    "memorysetup-typetree-allocator-block-size=2097152"
    "memorysetup-profiler-bucket-allocator-granularity=16"
    "memorysetup-profiler-bucket-allocator-bucket-count=8"
    "memorysetup-profiler-bucket-allocator-block-size=33554432"
    "memorysetup-profiler-bucket-allocator-block-count=8"
    "memorysetup-profiler-allocator-block-size=16777216"
    "memorysetup-profiler-editor-allocator-block-size=1048576"
    "memorysetup-temp-allocator-size-main=16777216"
    "memorysetup-job-temp-allocator-block-size=2097152"
    "memorysetup-job-temp-allocator-block-size-background=1048576"
    "memorysetup-job-temp-allocator-reduction-small-platforms=262144"
    "memorysetup-temp-allocator-size-background-worker=32768"
    "memorysetup-temp-allocator-size-job-worker=262144"
    "memorysetup-temp-allocator-size-preload-manager=33554432"
    "memorysetup-temp-allocator-size-nav-mesh-worker=65536"
    "memorysetup-temp-allocator-size-audio-worker=65536"
    "memorysetup-temp-allocator-size-cloud-worker=32768"
    "memorysetup-temp-allocator-size-gi-baking-worker=262144"
    "memorysetup-temp-allocator-size-gfx=262144"
Refreshing native plugins compatible for Editor in 35.18 ms, found 2 plugins.
Preloading 0 native plugins for Editor in 0.00 ms.
Initialize engine version: 2021.3.13f1 (9e7d58001ecf)
[Subsystems] Discovering subsystems at path Q:/SSD Library/Programms/Unity/Unity HUB/2021.3.13f1/Editor/Data/Resources/UnitySubsystems
[Subsystems] Discovering subsystems at path Q:/SSD Library/Creative Studio/Programming/GameDev/labyrinth-and-minotaur/Labyrinth and Minotaur/Assets
GfxDevice: creating device client; threaded=0; jobified=0
Direct3D:
    Version:  Direct3D 11.0 [level 11.1]
    Renderer: NVIDIA GeForce GTX 1060 6GB (ID=0x1c03)
    Vendor:   NVIDIA
    VRAM:     6043 MB
    Driver:   31.0.15.2698
Initialize mono
Mono path[0] = 'Q:/SSD Library/Programms/Unity/Unity HUB/2021.3.13f1/Editor/Data/Managed'
Mono path[1] = 'Q:/SSD Library/Programms/Unity/Unity HUB/2021.3.13f1/Editor/Data/MonoBleedingEdge/lib/mono/unityjit-win32'
Mono config path = 'Q:/SSD Library/Programms/Unity/Unity HUB/2021.3.13f1/Editor/Data/MonoBleedingEdge/etc'
Using monoOptions --debugger-agent=transport=dt_socket,embedding=1,server=y,suspend=n,address=127.0.0.1:56092
Begin MonoManager ReloadAssembly
Registering precompiled unity dll's ...
Register platform support module: Q:/SSD Library/Programms/Unity/Unity HUB/2021.3.13f1/Editor/Data/PlaybackEngines/WebGLSupport/UnityEditor.WebGL.Extensions.dll
Register platform support module: Q:/SSD Library/Programms/Unity/Unity HUB/2021.3.13f1/Editor/Data/PlaybackEngines/AndroidPlayer/UnityEditor.Android.Extensions.dll
Register platform support module: Q:/SSD Library/Programms/Unity/Unity HUB/2021.3.13f1/Editor/Data/PlaybackEngines/WindowsStandaloneSupport/UnityEditor.WindowsStandalone.Extensions.dll
Register platform support module: Q:/SSD Library/Programms/Unity/Unity HUB/2021.3.13f1/Editor/Data/PlaybackEngines/MetroSupport/UnityEditor.UWP.Extensions.dll
Registered in 0.006611 seconds.
Native extension for UWP target not found
Native extension for WindowsStandalone target not found
Native extension for Android target not found
Native extension for WebGL target not found
Refreshing native plugins compatible for Editor in 33.90 ms, found 2 plugins.
Preloading 0 native plugins for Editor in 0.00 ms.
Mono: successfully reloaded assembly
- Completed reload, in  0.810 seconds
Domain Reload Profiling:
	ReloadAssembly (811ms)
		BeginReloadAssembly (121ms)
			ExecutionOrderSort (0ms)
			DisableScriptedObjects (0ms)
			BackupInstance (0ms)
			ReleaseScriptingObjects (0ms)
			CreateAndSetChildDomain (1ms)
		EndReloadAssembly (509ms)
			LoadAssemblies (123ms)
			RebuildTransferFunctionScriptingTraits (0ms)
			SetupTypeCache (143ms)
			ReleaseScriptCaches (0ms)
			RebuildScriptCaches (32ms)
			SetupLoadedEditorAssemblies (281ms)
				LogAssemblyErrors (0ms)
				InitializePlatformSupportModulesInManaged (67ms)
				SetLoadedEditorAssemblies (0ms)
				RefreshPlugins (34ms)
				BeforeProcessingInitializeOnLoad (1ms)
				ProcessInitializeOnLoadAttributes (108ms)
				ProcessInitializeOnLoadMethodAttributes (71ms)
				AfterProcessingInitializeOnLoad (0ms)
				EditorAssembliesLoaded (0ms)
			ExecutionOrderSort2 (0ms)
			AwakeInstancesAfterBackupRestoration (0ms)
Platform modules already initialized, skipping
Registering precompiled user dll's ...
Registered in 0.003741 seconds.
Begin MonoManager ReloadAssembly
Native extension for UWP target not found
Native extension for WindowsStandalone target not found
Native extension for Android target not found
Native extension for WebGL target not found
Refreshing native plugins compatible for Editor in 0.34 ms, found 2 plugins.
Preloading 0 native plugins for Editor in 0.00 ms.
Mono: successfully reloaded assembly
- Completed reload, in  1.154 seconds
Domain Reload Profiling:
	ReloadAssembly (1155ms)
		BeginReloadAssembly (255ms)
			ExecutionOrderSort (0ms)
			DisableScriptedObjects (7ms)
			BackupInstance (0ms)
			ReleaseScriptingObjects (0ms)
			CreateAndSetChildDomain (123ms)
		EndReloadAssembly (779ms)
			LoadAssemblies (120ms)
			RebuildTransferFunctionScriptingTraits (0ms)
			SetupTypeCache (232ms)
			ReleaseScriptCaches (0ms)
			RebuildScriptCaches (48ms)
			SetupLoadedEditorAssemblies (369ms)
				LogAssemblyErrors (0ms)
				InitializePlatformSupportModulesInManaged (17ms)
				SetLoadedEditorAssemblies (0ms)
				RefreshPlugins (0ms)
				BeforeProcessingInitializeOnLoad (55ms)
				ProcessInitializeOnLoadAttributes (254ms)
				ProcessInitializeOnLoadMethodAttributes (38ms)
				AfterProcessingInitializeOnLoad (4ms)
				EditorAssembliesLoaded (0ms)
			ExecutionOrderSort2 (0ms)
			AwakeInstancesAfterBackupRestoration (10ms)
Platform modules already initialized, skipping
========================================================================
Worker process is ready to serve import requests
Launched and connected shader compiler UnityShaderCompiler.exe after 0.07 seconds
Refreshing native plugins compatible for Editor in 0.44 ms, found 2 plugins.
Preloading 0 native plugins for Editor in 0.00 ms.
Unloading 1682 Unused Serialized files (Serialized files now loaded: 0)
Unloading 19 unused Assets / (49.7 KB). Loaded Objects now: 2153.
Memory consumption went from 73.5 MB to 73.5 MB.
Total: 2.640400 ms (FindLiveObjects: 0.169800 ms CreateObjectMapping: 0.107300 ms MarkObjects: 2.245200 ms  DeleteObjects: 0.117100 ms)

AssetImportParameters requested are different than current active one (requested -> active):
  custom:video-decoder-ogg-theora: a1e56fd34408186e4bbccfd4996cb3dc -> 
  custom:container-muxer-webm: aa71ff27fc2769a1b78a27578f13a17b -> 
  custom:container-demuxer-webm: 4f35f7cbe854078d1ac9338744f61a02 -> 
  custom:video-encoder-webm-vp8: eb34c28f22e8b96e1ab97ce403110664 -> 
  custom:video-codec-MediaFoundation-h265: 746d11721c4dcdbdad8f713fa42b33f4 -> 
  custom:audio-encoder-webm-vorbis: bf7c407c2cedff20999df2af8eb42d56 -> 
  custom:framework-win-MediaFoundation: 216162199b28c13a410421893ffa2e32 -> 
  custom:container-demuxer-ogg: 62fdf1f143b41e24485cea50d1cbac27 -> 
  custom:video-decoder-webm-vp8: 9c59270c3fd7afecdb556c50c9e8de78 -> 
  custom:audio-decoder-ogg-vorbis: bf7c407c2cedff20999df2af8eb42d56 -> 
========================================================================
Received Import Request.
  Time since last request: 30238.584557 seconds.
  path: Assets/Prefabs/InventorySlot.prefab
  artifactKey: Guid(b393ff4404b8343428fcd5278069aec2) Importer(815301076,1909f56bfc062723c751e8b465ee728b)
Start importing Assets/Prefabs/InventorySlot.prefab using Guid(b393ff4404b8343428fcd5278069aec2) Importer(815301076,1909f56bfc062723c751e8b465ee728b)  -> (artifact id: 'eb057235a3b832f6af4f2f144310480e') in 0.083983 seconds 
========================================================================
Received Import Request.
  Time since last request: 3.171132 seconds.
  path: Assets/Prefabs/InventorySlot.prefab
  artifactKey: Guid(b393ff4404b8343428fcd5278069aec2) Importer(815301076,1909f56bfc062723c751e8b465ee728b)
Start importing Assets/Prefabs/InventorySlot.prefab using Guid(b393ff4404b8343428fcd5278069aec2) Importer(815301076,1909f56bfc062723c751e8b465ee728b)  -> (artifact id: '33ec20c7698e8dd94c52cd0f0a28bf4e') in 0.008608 seconds 
========================================================================
Received Import Request.
  Time since last request: 2.575392 seconds.
  path: Assets/Prefabs/InventorySlot.prefab
  artifactKey: Guid(b393ff4404b8343428fcd5278069aec2) Importer(815301076,1909f56bfc062723c751e8b465ee728b)
Start importing Assets/Prefabs/InventorySlot.prefab using Guid(b393ff4404b8343428fcd5278069aec2) Importer(815301076,1909f56bfc062723c751e8b465ee728b)  -> (artifact id: '5de49424fa2343964d677be58d368cd9') in 0.013704 seconds 
========================================================================
Received Import Request.
  Time since last request: 66.154985 seconds.
  path: Assets/Prefabs/InventorySlot.prefab
  artifactKey: Guid(b393ff4404b8343428fcd5278069aec2) Importer(815301076,1909f56bfc062723c751e8b465ee728b)
Start importing Assets/Prefabs/InventorySlot.prefab using Guid(b393ff4404b8343428fcd5278069aec2) Importer(815301076,1909f56bfc062723c751e8b465ee728b)  -> (artifact id: 'ee30085c809e340a76365ee04ce8a6d0') in 0.006770 seconds 
========================================================================
Received Import Request.
  Time since last request: 5.954629 seconds.
  path: Assets/Prefabs/InventorySlot.prefab
  artifactKey: Guid(b393ff4404b8343428fcd5278069aec2) Importer(815301076,1909f56bfc062723c751e8b465ee728b)
Start importing Assets/Prefabs/InventorySlot.prefab using Guid(b393ff4404b8343428fcd5278069aec2) Importer(815301076,1909f56bfc062723c751e8b465ee728b)  -> (artifact id: 'bed606810ae3351b357d709d222a939f') in 0.015694 seconds 
========================================================================
Received Import Request.
  Time since last request: 1.999956 seconds.
  path: Assets/Prefabs/InventorySlot.prefab
  artifactKey: Guid(b393ff4404b8343428fcd5278069aec2) Importer(815301076,1909f56bfc062723c751e8b465ee728b)
Start importing Assets/Prefabs/InventorySlot.prefab using Guid(b393ff4404b8343428fcd5278069aec2) Importer(815301076,1909f56bfc062723c751e8b465ee728b)  -> (artifact id: 'a0695d5c3d221c24ee308a997082bdd6') in 0.008042 seconds 
========================================================================
Received Import Request.
  Time since last request: 2.598971 seconds.
  path: Assets/Prefabs/InventorySlot.prefab
  artifactKey: Guid(b393ff4404b8343428fcd5278069aec2) Importer(815301076,1909f56bfc062723c751e8b465ee728b)
Start importing Assets/Prefabs/InventorySlot.prefab using Guid(b393ff4404b8343428fcd5278069aec2) Importer(815301076,1909f56bfc062723c751e8b465ee728b)  -> (artifact id: 'ce3674ec02903582d858350a9f667193') in 0.011146 seconds 
========================================================================
Received Import Request.
  Time since last request: 18.537854 seconds.
  path: Assets/Prefabs/InventorySlot.prefab
  artifactKey: Guid(b393ff4404b8343428fcd5278069aec2) Importer(815301076,1909f56bfc062723c751e8b465ee728b)
Start importing Assets/Prefabs/InventorySlot.prefab using Guid(b393ff4404b8343428fcd5278069aec2) Importer(815301076,1909f56bfc062723c751e8b465ee728b)  -> (artifact id: '85f4332eba67f7f139e20cd104f8c39c') in 0.008236 seconds 
========================================================================
Received Import Request.
  Time since last request: 7.679155 seconds.
  path: Assets/Prefabs/InventorySlot.prefab
  artifactKey: Guid(b393ff4404b8343428fcd5278069aec2) Importer(815301076,1909f56bfc062723c751e8b465ee728b)
Start importing Assets/Prefabs/InventorySlot.prefab using Guid(b393ff4404b8343428fcd5278069aec2) Importer(815301076,1909f56bfc062723c751e8b465ee728b)  -> (artifact id: '7d713399af4d54995c8cfe5ffb27c202') in 0.011933 seconds 
========================================================================
Received Import Request.
  Time since last request: 1.596032 seconds.
  path: Assets/Prefabs/InventorySlot.prefab
  artifactKey: Guid(b393ff4404b8343428fcd5278069aec2) Importer(815301076,1909f56bfc062723c751e8b465ee728b)
Start importing Assets/Prefabs/InventorySlot.prefab using Guid(b393ff4404b8343428fcd5278069aec2) Importer(815301076,1909f56bfc062723c751e8b465ee728b)  -> (artifact id: 'a4902ced600ba584f68fde685626a307') in 0.011784 seconds 
========================================================================
Received Import Request.
  Time since last request: 3.610704 seconds.
  path: Assets/Prefabs/InventorySlot.prefab
  artifactKey: Guid(b393ff4404b8343428fcd5278069aec2) Importer(815301076,1909f56bfc062723c751e8b465ee728b)
Start importing Assets/Prefabs/InventorySlot.prefab using Guid(b393ff4404b8343428fcd5278069aec2) Importer(815301076,1909f56bfc062723c751e8b465ee728b)  -> (artifact id: '175f927d1339d89930823cc56a7023d5') in 0.010235 seconds 
========================================================================
Received Import Request.
  Time since last request: 51.595272 seconds.
  path: Assets/Prefabs/InventorySlot.prefab
  artifactKey: Guid(b393ff4404b8343428fcd5278069aec2) Importer(815301076,1909f56bfc062723c751e8b465ee728b)
Start importing Assets/Prefabs/InventorySlot.prefab using Guid(b393ff4404b8343428fcd5278069aec2) Importer(815301076,1909f56bfc062723c751e8b465ee728b)  -> (artifact id: '40bea1ed0a083f606996e0ee1ca47c49') in 0.011665 seconds 
========================================================================
Received Import Request.
  Time since last request: 15.925487 seconds.
  path: Assets/Prefabs/InventorySlot.prefab
  artifactKey: Guid(b393ff4404b8343428fcd5278069aec2) Importer(815301076,1909f56bfc062723c751e8b465ee728b)
Start importing Assets/Prefabs/InventorySlot.prefab using Guid(b393ff4404b8343428fcd5278069aec2) Importer(815301076,1909f56bfc062723c751e8b465ee728b)  -> (artifact id: 'a833c04262d30c7b3ef756f8d9bb9d1a') in 0.013755 seconds 
========================================================================
Received Import Request.
  Time since last request: 3.211428 seconds.
  path: Assets/Prefabs/InventorySlot.prefab
  artifactKey: Guid(b393ff4404b8343428fcd5278069aec2) Importer(815301076,1909f56bfc062723c751e8b465ee728b)
Start importing Assets/Prefabs/InventorySlot.prefab using Guid(b393ff4404b8343428fcd5278069aec2) Importer(815301076,1909f56bfc062723c751e8b465ee728b)  -> (artifact id: 'beb8c42398a800497f105feae4577393') in 0.007323 seconds 
========================================================================
Received Import Request.
  Time since last request: 2.408562 seconds.
  path: Assets/Prefabs/InventorySlot.prefab
  artifactKey: Guid(b393ff4404b8343428fcd5278069aec2) Importer(815301076,1909f56bfc062723c751e8b465ee728b)
Start importing Assets/Prefabs/InventorySlot.prefab using Guid(b393ff4404b8343428fcd5278069aec2) Importer(815301076,1909f56bfc062723c751e8b465ee728b)  -> (artifact id: '3209a1ea3d8a6a5529542298ffb4039b') in 0.011148 seconds 
========================================================================
Received Import Request.
  Time since last request: 5.261780 seconds.
  path: Assets/Prefabs/InventorySlot.prefab
  artifactKey: Guid(b393ff4404b8343428fcd5278069aec2) Importer(815301076,1909f56bfc062723c751e8b465ee728b)
Start importing Assets/Prefabs/InventorySlot.prefab using Guid(b393ff4404b8343428fcd5278069aec2) Importer(815301076,1909f56bfc062723c751e8b465ee728b)  -> (artifact id: 'a6a593f2b280da07b015f0a1fac9d424') in 0.013734 seconds 
========================================================================
Received Import Request.
  Time since last request: 6.083994 seconds.
  path: Assets/Prefabs/InventorySlot.prefab
  artifactKey: Guid(b393ff4404b8343428fcd5278069aec2) Importer(815301076,1909f56bfc062723c751e8b465ee728b)
Start importing Assets/Prefabs/InventorySlot.prefab using Guid(b393ff4404b8343428fcd5278069aec2) Importer(815301076,1909f56bfc062723c751e8b465ee728b)  -> (artifact id: 'b814d31dcf044f87ab36b4bdd3a55549') in 0.014423 seconds 
